/usr/local/py38/lib/python3.8/site-packages/Cython/Distutils/old_build_ext.py:15: DeprecationWarning: dep_util is Deprecated. Use functions from setuptools instead.
  from distutils.dep_util import newer, newer_group
########################
logging outputs to  /content/16831-F25-HW/hw1/rob831/scripts/../../data/q1_p4_ant_steps_2000_Ant-v2_19-09-2025_02-24-05
########################
GPU not detected. Defaulting to CPU.
Loading expert policy from... rob831/policies/experts/Ant.pkl
obs (1, 111) (1, 111)
Done restoring expert policy...


********** Iteration 0 ************

Loading expert data from rob831/expert_data/expert_data_Ant-v2.pkl...

Training agent using sampled data from replay buffer...

Beginning logging procedure...

Collecting data for eval...
Eval_AverageReturn : 4576.3818359375
Eval_StdReturn : 71.62019348144531
Eval_MaxReturn : 4666.73388671875
Eval_MinReturn : 4507.091796875
Eval_AverageEpLen : 1000.0
Train_AverageReturn : 4713.6533203125
Train_StdReturn : 12.196533203125
Train_MaxReturn : 4725.849609375
Train_MinReturn : 4701.45654296875
Train_AverageEpLen : 1000.0
Train_EnvstepsSoFar : 0
TimeSinceStart : 10.306999921798706
Training Loss : 0.0012189657427370548
Initial_DataCollection_AverageReturn : 4713.6533203125
Done logging...


