\BOOKMARK [1][-]{section.5}{\376\377\000S\000m\000a\000l\000l\000-\000S\000c\000a\000l\000e\000\040\000E\000x\000p\000e\000r\000i\000m\000e\000n\000t\000s}{}% 1
\BOOKMARK [2][-]{subsection.5.1}{\376\377\000E\000x\000p\000e\000r\000i\000m\000e\000n\000t\000\040\0001\000\040\000\050\000C\000a\000r\000t\000p\000o\000l\000e\000\051\000\040\040\023\000\040\000[\0005\000\040\000p\000o\000i\000n\000t\000s\000\040\000t\000o\000t\000a\000l\000]}{section.5}% 2
\BOOKMARK [3][-]{subsubsection.5.1.1}{\376\377\000C\000o\000n\000f\000i\000g\000u\000r\000a\000t\000i\000o\000n\000s}{subsection.5.1}% 3
\BOOKMARK [3][-]{subsubsection.5.1.2}{\376\377\000P\000l\000o\000t\000s}{subsection.5.1}% 4
\BOOKMARK [4][-]{paragraph.5.1.2.1}{\376\377\000S\000m\000a\000l\000l\000\040\000b\000a\000t\000c\000h\000\040\040\023\000\040\000[\0001\000\040\000p\000o\000i\000n\000t\000s\000]}{subsubsection.5.1.2}% 5
\BOOKMARK [4][-]{paragraph.5.1.2.2}{\376\377\000L\000a\000r\000g\000e\000\040\000b\000a\000t\000c\000h\000\040\040\023\000\040\000[\0001\000\040\000p\000o\000i\000n\000t\000s\000]}{subsubsection.5.1.2}% 6
\BOOKMARK [3][-]{subsubsection.5.1.3}{\376\377\000A\000n\000a\000l\000y\000s\000i\000s}{subsection.5.1}% 7
\BOOKMARK [4][-]{paragraph.5.1.3.1}{\376\377\000V\000a\000l\000u\000e\000\040\000e\000s\000t\000i\000m\000a\000t\000o\000r\000\040\040\023\000\040\000[\0001\000\040\000p\000o\000i\000n\000t\000s\000]}{subsubsection.5.1.3}% 8
\BOOKMARK [4][-]{paragraph.5.1.3.2}{\376\377\000A\000d\000v\000a\000n\000t\000a\000g\000e\000\040\000s\000t\000a\000n\000d\000a\000r\000d\000i\000z\000a\000t\000i\000o\000n\000\040\040\023\000\040\000[\0001\000\040\000p\000o\000i\000n\000t\000s\000]}{subsubsection.5.1.3}% 9
\BOOKMARK [4][-]{paragraph.5.1.3.3}{\376\377\000B\000a\000t\000c\000h\000\040\000s\000i\000z\000e\000\040\040\023\000\040\000[\0001\000\040\000p\000o\000i\000n\000t\000s\000]}{subsubsection.5.1.3}% 10
\BOOKMARK [2][-]{subsection.5.2}{\376\377\000E\000x\000p\000e\000r\000i\000m\000e\000n\000t\000\040\0002\000\040\000\050\000I\000n\000v\000e\000r\000t\000e\000d\000P\000e\000n\000d\000u\000l\000u\000m\000\051\000\040\040\023\000\040\000[\0004\000\040\000p\000o\000i\000n\000t\000s\000\040\000t\000o\000t\000a\000l\000]}{section.5}% 11
\BOOKMARK [3][-]{subsubsection.5.2.1}{\376\377\000C\000o\000n\000f\000i\000g\000u\000r\000a\000t\000i\000o\000n\000s\000\040\040\023\000\040\000[\0001\000.\0005\000\040\000p\000o\000i\000n\000t\000s\000]}{subsection.5.2}% 12
\BOOKMARK [3][-]{subsubsection.5.2.2}{\376\377\000s\000m\000a\000l\000l\000e\000s\000t\000\040\000b\000*\000\040\000a\000n\000d\000\040\000l\000a\000r\000g\000e\000s\000t\000\040\000r\000*\000\040\000\050\000s\000a\000m\000e\000\040\000r\000u\000n\000\051\000\040\040\023\000\040\000[\0001\000.\0005\000\040\000p\000o\000i\000n\000t\000s\000]}{subsection.5.2}% 13
\BOOKMARK [3][-]{subsubsection.5.2.3}{\376\377\000P\000l\000o\000t\000\040\040\023\000\040\000[\0001\000\040\000p\000o\000i\000n\000t\000s\000]}{subsection.5.2}% 14
\BOOKMARK [1][-]{section.7}{\376\377\000M\000o\000r\000e\000\040\000C\000o\000m\000p\000l\000e\000x\000\040\000E\000x\000p\000e\000r\000i\000m\000e\000n\000t\000s}{}% 15
\BOOKMARK [2][-]{subsection.7.1}{\376\377\000E\000x\000p\000e\000r\000i\000m\000e\000n\000t\000\040\0003\000\040\000\050\000L\000u\000n\000a\000r\000L\000a\000n\000d\000e\000r\000\051\000\040\040\023\000\040\000[\0001\000\040\000p\000o\000i\000n\000t\000s\000\040\000t\000o\000t\000a\000l\000]}{section.7}% 16
\BOOKMARK [3][-]{subsubsection.7.1.1}{\376\377\000C\000o\000n\000f\000i\000g\000u\000r\000a\000t\000i\000o\000n\000s}{subsection.7.1}% 17
\BOOKMARK [3][-]{subsubsection.7.1.2}{\376\377\000P\000l\000o\000t\000\040\040\023\000\040\000[\0001\000\040\000p\000o\000i\000n\000t\000s\000]}{subsection.7.1}% 18
\BOOKMARK [2][-]{subsection.7.2}{\376\377\000E\000x\000p\000e\000r\000i\000m\000e\000n\000t\000\040\0004\000\040\000\050\000H\000a\000l\000f\000C\000h\000e\000e\000t\000a\000h\000\051\000\040\040\023\000\040\000[\0001\000\040\000p\000o\000i\000n\000t\000s\000]}{section.7}% 19
\BOOKMARK [3][-]{subsubsection.7.2.1}{\376\377\000C\000o\000n\000f\000i\000g\000u\000r\000a\000t\000i\000o\000n\000s}{subsection.7.2}% 20
\BOOKMARK [3][-]{subsubsection.7.2.2}{\376\377\000P\000l\000o\000t\000\040\040\023\000\040\000[\0001\000\040\000p\000o\000i\000n\000t\000s\000]}{subsection.7.2}% 21
\BOOKMARK [3][-]{subsubsection.7.2.3}{\376\377\000\050\000b\000o\000n\000u\000s\000\051\000\040\000O\000p\000t\000i\000m\000a\000l\000\040\000b\000*\000\040\000a\000n\000d\000\040\000r\000*\000\040\040\023\000\040\000[\0000\000.\0005\000\040\000p\000o\000i\000n\000t\000s\000]}{subsection.7.2}% 22
\BOOKMARK [3][-]{subsubsection.7.2.4}{\376\377\000\050\000b\000o\000n\000u\000s\000\051\000\040\000P\000l\000o\000t\000\040\040\023\000\040\000[\0000\000.\0005\000\040\000p\000o\000i\000n\000t\000s\000]}{subsection.7.2}% 23
\BOOKMARK [3][-]{subsubsection.7.2.5}{\376\377\000\050\000b\000o\000n\000u\000s\000\051\000\040\000D\000e\000s\000c\000r\000i\000b\000e\000\040\000h\000o\000w\000\040\000b\000*\000\040\000a\000n\000d\000\040\000r\000*\000\040\000a\000f\000f\000e\000c\000t\000\040\000t\000a\000s\000k\000\040\000p\000e\000r\000f\000o\000r\000m\000a\000n\000c\000e\000\040\040\023\000\040\000[\0000\000.\0005\000\040\000p\000o\000i\000n\000t\000s\000]}{subsection.7.2}% 24
\BOOKMARK [3][-]{subsubsection.7.2.6}{\376\377\000\050\000b\000o\000n\000u\000s\000\051\000\040\000C\000o\000n\000f\000i\000g\000u\000r\000a\000t\000i\000o\000n\000s\000\040\000w\000i\000t\000h\000\040\000o\000p\000t\000i\000m\000a\000l\000\040\000b\000*\000\040\000a\000n\000d\000\040\000r\000*\000\040\040\023\000\040\000[\0000\000.\0005\000\040\000p\000o\000i\000n\000t\000s\000]}{subsection.7.2}% 25
\BOOKMARK [3][-]{subsubsection.7.2.7}{\376\377\000\050\000b\000o\000n\000u\000s\000\051\000\040\000P\000l\000o\000t\000\040\000f\000o\000r\000\040\000f\000o\000u\000r\000\040\000r\000u\000n\000s\000\040\000w\000i\000t\000h\000\040\000o\000p\000t\000i\000m\000a\000l\000\040\000b\000*\000\040\000a\000n\000d\000\040\000r\000*\000\040\040\023\000\040\000[\0000\000.\0005\000\040\000p\000o\000i\000n\000t\000s\000]}{subsection.7.2}% 26
\BOOKMARK [1][-]{section.8}{\376\377\000I\000m\000p\000l\000e\000m\000e\000n\000t\000i\000n\000g\000\040\000G\000e\000n\000e\000r\000a\000l\000i\000z\000e\000d\000\040\000A\000d\000v\000a\000n\000t\000a\000g\000e\000\040\000E\000s\000t\000i\000m\000a\000t\000i\000o\000n}{}% 27
\BOOKMARK [2][-]{subsection.8.1}{\376\377\000E\000x\000p\000e\000r\000i\000m\000e\000n\000t\000\040\0005\000\040\000\050\000H\000o\000p\000p\000e\000r\000\051\000\040\040\023\000\040\000[\0004\000\040\000p\000o\000i\000n\000t\000s\000]}{section.8}% 28
\BOOKMARK [3][-]{subsubsection.8.1.1}{\376\377\000C\000o\000n\000f\000i\000g\000u\000r\000a\000t\000i\000o\000n\000s}{subsection.8.1}% 29
\BOOKMARK [3][-]{subsubsection.8.1.2}{\376\377\000P\000l\000o\000t\000\040\040\023\000\040\000[\0002\000\040\000p\000o\000i\000n\000t\000s\000]}{subsection.8.1}% 30
\BOOKMARK [3][-]{subsubsection.8.1.3}{\376\377\000D\000e\000s\000c\000r\000i\000b\000e\000\040\000h\000o\000w\000\040\000\040\000a\000f\000f\000e\000c\000t\000s\000\040\000t\000a\000s\000k\000\040\000p\000e\000r\000f\000o\000r\000m\000a\000n\000c\000e\000\040\040\023\000\040\000[\0002\000\040\000p\000o\000i\000n\000t\000s\000]}{subsection.8.1}% 31
\BOOKMARK [1][-]{section.9}{\376\377\000M\000o\000r\000e\000\040\000B\000o\000n\000u\000s\000!}{}% 32
\BOOKMARK [2][-]{subsection.9.1}{\376\377\000P\000a\000r\000a\000l\000l\000e\000l\000i\000z\000a\000t\000i\000o\000n\000\040\040\023\000\040\000[\0001\000.\0005\000\040\000p\000o\000i\000n\000t\000s\000]}{section.9}% 33
\BOOKMARK [2][-]{subsection.9.2}{\376\377\000M\000u\000l\000t\000i\000p\000l\000e\000\040\000g\000r\000a\000d\000i\000e\000n\000t\000\040\000s\000t\000e\000p\000s\000\040\040\023\000\040\000[\0001\000\040\000p\000o\000i\000n\000t\000s\000]}{section.9}% 34
