Gym has been unmaintained since 2022 and does not support NumPy 2.0 amongst other critical functionality.
Please upgrade to Gymnasium, the maintained drop-in replacement of Gym, or contact the authors of your software and request that they upgrade.
See the migration guide at https://gymnasium.farama.org/introduction/migration_guide/ for additional information.
/usr/local/py38/lib/python3.8/site-packages/Cython/Distutils/old_build_ext.py:15: DeprecationWarning: dep_util is Deprecated. Use functions from setuptools instead.
  from distutils.dep_util import newer, newer_group
########################
logging outputs to  /content/16831-F25-HW/hw1/rob831/scripts/../../data/q1_bc_humanoid_Humanoid-v2_19-09-2025_18-16-19
########################
GPU not detected. Defaulting to CPU.
Loading expert policy from... rob831/policies/experts/Humanoid.pkl
obs (1, 376) (1, 376)
Done restoring expert policy...


********** Iteration 0 ************

Loading expert data from rob831/expert_data/expert_data_Humanoid-v2.pkl...

Training agent using sampled data from replay buffer...

Beginning logging procedure...

Collecting data for eval...
Eval_AverageReturn : 254.61276245117188
Eval_StdReturn : 17.42626953125
Eval_MaxReturn : 354.841552734375
Eval_MinReturn : 232.15985107421875
Eval_AverageEpLen : 47.5188679245283
Train_AverageReturn : 10344.517578125
Train_StdReturn : 20.9814453125
Train_MaxReturn : 10365.4990234375
Train_MinReturn : 10323.5361328125
Train_AverageEpLen : 1000.0
Train_EnvstepsSoFar : 0
TimeSinceStart : 11.171480655670166
Training Loss : 0.11885496973991394
Initial_DataCollection_AverageReturn : 10344.517578125
Done logging...


